Terminales no usados en la gramática

    ELSE
    FOR
    WHILE
    DOUBLE
    INT
    STRING
    CHAR
    NEW
    PUBLIC
    CLASS
    RETURN
    STATIC
    MULT
    SUMA
    RESTA
    DIV
    ASIG
    MOD
    AND
    OR
    NOT
    MASMAS
    MENMEN
    ASIGMAS
    ASIGMEN
    ASIGMULT
    ASIGDIV
    LLAVEA
    LLAVEC
    PARENTA
    PARENTC
    CORCHETEA
    CORCHETEC
    PUNTOCOMA
    IGUAL
    MENORIGUAL
    MAYORIGUAL
    DIFERENTE
    MAYOR
    MENOR
    ENTERO
    CADENA
    COMENTARIO
    REAL


Gramática

    0 $accept: init $end

    1 init: IF


Terminales con las reglas donde aparecen

    $end (0) 0
    error (256)
    IF (258) 1
    ELSE (259)
    FOR (260)
    WHILE (261)
    DOUBLE (262)
    INT (263)
    STRING (264)
    CHAR (265)
    NEW (266)
    PUBLIC (267)
    CLASS (268)
    RETURN (269)
    STATIC (270)
    MULT (271)
    SUMA (272)
    RESTA (273)
    DIV (274)
    ASIG (275)
    MOD (276)
    AND (277)
    OR (278)
    NOT (279)
    MASMAS (280)
    MENMEN (281)
    ASIGMAS (282)
    ASIGMEN (283)
    ASIGMULT (284)
    ASIGDIV (285)
    LLAVEA (286)
    LLAVEC (287)
    PARENTA (288)
    PARENTC (289)
    CORCHETEA (290)
    CORCHETEC (291)
    PUNTOCOMA (292)
    IGUAL (293)
    MENORIGUAL (294)
    MAYORIGUAL (295)
    DIFERENTE (296)
    MAYOR (297)
    MENOR (298)
    ENTERO (299)
    CADENA (300)
    COMENTARIO (301)
    REAL (302)


No terminales con las reglas donde aparecen

    $accept (48)
        on left: 0
    init (49)
        on left: 1
        on right: 0


Estado 0

    0 $accept: . init $end

    IF  desplazar e ir al estado 1

    init  ir al estado 2


Estado 1

    1 init: IF .

    $default  reduce usando la regla 1 (init)


Estado 2

    0 $accept: init . $end

    $end  desplazar e ir al estado 3


Estado 3

    0 $accept: init $end .

    $default  aceptar
